0 verbose cli /opt/homebrew/Cellar/node/24.7.0/bin/node /opt/homebrew/bin/npm
1 info using npm@11.5.1
2 info using node@v24.7.0
3 silly config load:file:/opt/homebrew/lib/node_modules/npm/npmrc
4 silly config load:file:/Users/eboraks/Projects/graph-whisperer/.npmrc
5 silly config load:file:/Users/eboraks/.npmrc
6 silly config load:file:/opt/homebrew/etc/npmrc
7 verbose title npm install @uiw/react-json-view
8 verbose argv "install" "@uiw/react-json-view"
9 verbose logfile logs-max:10 dir:/Users/eboraks/Projects/graph-whisperer/.npm-cache/_logs/2026-02-10T13_54_16_775Z-
10 verbose logfile /Users/eboraks/Projects/graph-whisperer/.npm-cache/_logs/2026-02-10T13_54_16_775Z-debug-0.log
11 silly logfile start cleaning logs, removing 1 files
12 silly packumentCache heap:4496293888 maxSize:1124073472 maxEntrySize:562036736
13 silly logfile done cleaning log files
14 silly idealTree buildDeps
15 silly fetch manifest @uiw/react-json-view@*
16 silly packumentCache full:https://registry.npmjs.org/@uiw%2freact-json-view cache-miss
17 verbose shrinkwrap failed to load node_modules/.package-lock.json out of date, updated: node_modules
18 http fetch GET 200 https://registry.npmjs.org/@uiw%2freact-json-view 518ms (cache revalidated)
19 silly packumentCache full:https://registry.npmjs.org/@uiw%2freact-json-view set size:286077 disposed:false
20 silly fetch manifest @babel/runtime@>=7.10.0
21 silly packumentCache full:https://registry.npmjs.org/@babel%2fruntime cache-miss
22 http fetch GET 200 https://registry.npmjs.org/@babel%2fruntime 53ms (cache revalidated)
23 silly packumentCache full:https://registry.npmjs.org/@babel%2fruntime set size:3305729 disposed:false
24 silly fetch manifest react@^19.2.4
25 silly packumentCache full:https://registry.npmjs.org/react cache-miss
26 http fetch GET 200 https://registry.npmjs.org/react 58ms (cache revalidated)
27 silly packumentCache full:https://registry.npmjs.org/react set size:6476419 disposed:false
28 silly fetch manifest react-dom@^19.2.4
29 silly packumentCache full:https://registry.npmjs.org/react-dom cache-miss
30 http fetch GET 200 https://registry.npmjs.org/react-dom 61ms (cache revalidated)
31 silly packumentCache full:https://registry.npmjs.org/react-dom set size:8570208 disposed:false
32 silly placeDep ROOT @uiw/react-json-view@2.0.0-alpha.41 OK for: graph-whisperer@0.0.1 want: *
33 silly placeDep ROOT @babel/runtime@7.28.6 OK for: @uiw/react-json-view@2.0.0-alpha.41 want: >=7.10.0
34 silly reify mark retired [
34 silly reify   '/Users/eboraks/Projects/graph-whisperer/node_modules/@vscode/test-cli'
34 silly reify ]
35 silly reify mark retired [
35 silly reify   '/Users/eboraks/Projects/graph-whisperer/node_modules/@vscode/test-electron'
35 silly reify ]
36 silly reify mark retired [
36 silly reify   '/Users/eboraks/Projects/graph-whisperer/node_modules/acorn',
36 silly reify   '/Users/eboraks/Projects/graph-whisperer/node_modules/.bin/acorn'
36 silly reify ]
37 silly reify mark retired [
37 silly reify   '/Users/eboraks/Projects/graph-whisperer/node_modules/baseline-browser-mapping',
37 silly reify   '/Users/eboraks/Projects/graph-whisperer/node_modules/.bin/baseline-browser-mapping'
37 silly reify ]
38 silly reify mark retired [
38 silly reify   '/Users/eboraks/Projects/graph-whisperer/node_modules/c8',
38 silly reify   '/Users/eboraks/Projects/graph-whisperer/node_modules/.bin/c8'
38 silly reify ]
39 silly reify mark retired [
39 silly reify   '/Users/eboraks/Projects/graph-whisperer/node_modules/browserslist',
39 silly reify   '/Users/eboraks/Projects/graph-whisperer/node_modules/.bin/browserslist'
39 silly reify ]
40 silly reify mark retired [
40 silly reify   '/Users/eboraks/Projects/graph-whisperer/node_modules/esbuild',
40 silly reify   '/Users/eboraks/Projects/graph-whisperer/node_modules/.bin/esbuild'
40 silly reify ]
41 silly reify mark retired [
41 silly reify   '/Users/eboraks/Projects/graph-whisperer/node_modules/eslint',
41 silly reify   '/Users/eboraks/Projects/graph-whisperer/node_modules/.bin/eslint'
41 silly reify ]
42 silly reify mark retired [
42 silly reify   '/Users/eboraks/Projects/graph-whisperer/node_modules/flat',
42 silly reify   '/Users/eboraks/Projects/graph-whisperer/node_modules/.bin/flat'
42 silly reify ]
43 silly reify mark retired [
43 silly reify   '/Users/eboraks/Projects/graph-whisperer/node_modules/glob',
43 silly reify   '/Users/eboraks/Projects/graph-whisperer/node_modules/.bin/glob'
43 silly reify ]
44 silly reify mark retired [
44 silly reify   '/Users/eboraks/Projects/graph-whisperer/node_modules/he',
44 silly reify   '/Users/eboraks/Projects/graph-whisperer/node_modules/.bin/he'
44 silly reify ]
45 silly reify mark retired [
45 silly reify   '/Users/eboraks/Projects/graph-whisperer/node_modules/js-yaml',
45 silly reify   '/Users/eboraks/Projects/graph-whisperer/node_modules/.bin/js-yaml'
45 silly reify ]
46 silly reify mark retired [
46 silly reify   '/Users/eboraks/Projects/graph-whisperer/node_modules/jsesc',
46 silly reify   '/Users/eboraks/Projects/graph-whisperer/node_modules/.bin/jsesc'
46 silly reify ]
47 silly reify mark retired [
47 silly reify   '/Users/eboraks/Projects/graph-whisperer/node_modules/json5',
47 silly reify   '/Users/eboraks/Projects/graph-whisperer/node_modules/.bin/json5'
47 silly reify ]
48 silly reify mark retired [
48 silly reify   '/Users/eboraks/Projects/graph-whisperer/node_modules/mocha',
48 silly reify   '/Users/eboraks/Projects/graph-whisperer/node_modules/.bin/mocha',
48 silly reify   '/Users/eboraks/Projects/graph-whisperer/node_modules/.bin/_mocha'
48 silly reify ]
49 silly reify mark retired [
49 silly reify   '/Users/eboraks/Projects/graph-whisperer/node_modules/nanoid',
49 silly reify   '/Users/eboraks/Projects/graph-whisperer/node_modules/.bin/nanoid'
49 silly reify ]
50 silly reify mark retired [
50 silly reify   '/Users/eboraks/Projects/graph-whisperer/node_modules/semver',
50 silly reify   '/Users/eboraks/Projects/graph-whisperer/node_modules/.bin/semver'
50 silly reify ]
51 silly reify mark retired [
51 silly reify   '/Users/eboraks/Projects/graph-whisperer/node_modules/rollup',
51 silly reify   '/Users/eboraks/Projects/graph-whisperer/node_modules/.bin/rollup'
51 silly reify ]
52 silly reify mark retired [
52 silly reify   '/Users/eboraks/Projects/graph-whisperer/node_modules/typescript',
52 silly reify   '/Users/eboraks/Projects/graph-whisperer/node_modules/.bin/tsc',
52 silly reify   '/Users/eboraks/Projects/graph-whisperer/node_modules/.bin/tsserver'
52 silly reify ]
53 silly reify mark retired [
53 silly reify   '/Users/eboraks/Projects/graph-whisperer/node_modules/update-browserslist-db',
53 silly reify   '/Users/eboraks/Projects/graph-whisperer/node_modules/.bin/update-browserslist-db'
53 silly reify ]
54 silly reify mark retired [
54 silly reify   '/Users/eboraks/Projects/graph-whisperer/node_modules/which',
54 silly reify   '/Users/eboraks/Projects/graph-whisperer/node_modules/.bin/node-which'
54 silly reify ]
55 silly reify mark retired [
55 silly reify   '/Users/eboraks/Projects/graph-whisperer/node_modules/vite',
55 silly reify   '/Users/eboraks/Projects/graph-whisperer/node_modules/.bin/vite'
55 silly reify ]
56 silly reify mark retired [
56 silly reify   '/Users/eboraks/Projects/graph-whisperer/node_modules/@babel/core/node_modules/semver',
56 silly reify   '/Users/eboraks/Projects/graph-whisperer/node_modules/@babel/core/node_modules/.bin/semver'
56 silly reify ]
57 silly reify mark retired [
57 silly reify   '/Users/eboraks/Projects/graph-whisperer/node_modules/@babel/helper-compilation-targets/node_modules/semver',
57 silly reify   '/Users/eboraks/Projects/graph-whisperer/node_modules/@babel/helper-compilation-targets/node_modules/.bin/semver'
57 silly reify ]
58 silly reify mark retired [
58 silly reify   '/Users/eboraks/Projects/graph-whisperer/node_modules/@babel/parser',
58 silly reify   '/Users/eboraks/Projects/graph-whisperer/node_modules/.bin/parser'
58 silly reify ]
59 silly reify mark retired [
59 silly reify   '/Users/eboraks/Projects/graph-whisperer/node_modules/@rdfjs/data-model',
59 silly reify   '/Users/eboraks/Projects/graph-whisperer/node_modules/.bin/rdfjs-data-model-test'
59 silly reify ]
60 silly reify mark retired [
60 silly reify   '/Users/eboraks/Projects/graph-whisperer/node_modules/@rdfjs/dataset',
60 silly reify   '/Users/eboraks/Projects/graph-whisperer/node_modules/.bin/rdfjs-dataset-test'
60 silly reify ]
61 silly reify moves {
61 silly reify   '/Users/eboraks/Projects/graph-whisperer/node_modules/@vscode/test-cli': '/Users/eboraks/Projects/graph-whisperer/node_modules/@vscode/.test-cli-qIyv4q5V',
61 silly reify   '/Users/eboraks/Projects/graph-whisperer/node_modules/@vscode/test-electron': '/Users/eboraks/Projects/graph-whisperer/node_modules/@vscode/.test-electron-fY8mkXfs',
61 silly reify   '/Users/eboraks/Projects/graph-whisperer/node_modules/acorn': '/Users/eboraks/Projects/graph-whisperer/node_modules/.acorn-qkymM8n0',
61 silly reify   '/Users/eboraks/Projects/graph-whisperer/node_modules/.bin/acorn': '/Users/eboraks/Projects/graph-whisperer/node_modules/.bin/.acorn-yiGHZdTz',
61 silly reify   '/Users/eboraks/Projects/graph-whisperer/node_modules/baseline-browser-mapping': '/Users/eboraks/Projects/graph-whisperer/node_modules/.baseline-browser-mapping-UoQmKnbj',
61 silly reify   '/Users/eboraks/Projects/graph-whisperer/node_modules/.bin/baseline-browser-mapping': '/Users/eboraks/Projects/graph-whisperer/node_modules/.bin/.baseline-browser-mapping-XAZlJsCH',
61 silly reify   '/Users/eboraks/Projects/graph-whisperer/node_modules/c8': '/Users/eboraks/Projects/graph-whisperer/node_modules/.c8-DLV3rChF',
61 silly reify   '/Users/eboraks/Projects/graph-whisperer/node_modules/.bin/c8': '/Users/eboraks/Projects/graph-whisperer/node_modules/.bin/.c8-Wty85ZYi',
61 silly reify   '/Users/eboraks/Projects/graph-whisperer/node_modules/browserslist': '/Users/eboraks/Projects/graph-whisperer/node_modules/.browserslist-t20IanKP',
61 silly reify   '/Users/eboraks/Projects/graph-whisperer/node_modules/.bin/browserslist': '/Users/eboraks/Projects/graph-whisperer/node_modules/.bin/.browserslist-41rXf2TX',
61 silly reify   '/Users/eboraks/Projects/graph-whisperer/node_modules/esbuild': '/Users/eboraks/Projects/graph-whisperer/node_modules/.esbuild-9A2nlFjE',
61 silly reify   '/Users/eboraks/Projects/graph-whisperer/node_modules/.bin/esbuild': '/Users/eboraks/Projects/graph-whisperer/node_modules/.bin/.esbuild-oLn1Vwt0',
61 silly reify   '/Users/eboraks/Projects/graph-whisperer/node_modules/eslint': '/Users/eboraks/Projects/graph-whisperer/node_modules/.eslint-xgf8npNF',
61 silly reify   '/Users/eboraks/Projects/graph-whisperer/node_modules/.bin/eslint': '/Users/eboraks/Projects/graph-whisperer/node_modules/.bin/.eslint-5vtt9wvN',
61 silly reify   '/Users/eboraks/Projects/graph-whisperer/node_modules/flat': '/Users/eboraks/Projects/graph-whisperer/node_modules/.flat-8CXEERT7',
61 silly reify   '/Users/eboraks/Projects/graph-whisperer/node_modules/.bin/flat': '/Users/eboraks/Projects/graph-whisperer/node_modules/.bin/.flat-sHI03NbV',
61 silly reify   '/Users/eboraks/Projects/graph-whisperer/node_modules/glob': '/Users/eboraks/Projects/graph-whisperer/node_modules/.glob-8N7c6pp5',
61 silly reify   '/Users/eboraks/Projects/graph-whisperer/node_modules/.bin/glob': '/Users/eboraks/Projects/graph-whisperer/node_modules/.bin/.glob-eVVFSlWG',
61 silly reify   '/Users/eboraks/Projects/graph-whisperer/node_modules/he': '/Users/eboraks/Projects/graph-whisperer/node_modules/.he-dIvayLs6',
61 silly reify   '/Users/eboraks/Projects/graph-whisperer/node_modules/.bin/he': '/Users/eboraks/Projects/graph-whisperer/node_modules/.bin/.he-SXQiau0g',
61 silly reify   '/Users/eboraks/Projects/graph-whisperer/node_modules/js-yaml': '/Users/eboraks/Projects/graph-whisperer/node_modules/.js-yaml-6RPUa6rj',
61 silly reify   '/Users/eboraks/Projects/graph-whisperer/node_modules/.bin/js-yaml': '/Users/eboraks/Projects/graph-whisperer/node_modules/.bin/.js-yaml-t85dBx1s',
61 silly reify   '/Users/eboraks/Projects/graph-whisperer/node_modules/jsesc': '/Users/eboraks/Projects/graph-whisperer/node_modules/.jsesc-7tHT5Hhr',
61 silly reify   '/Users/eboraks/Projects/graph-whisperer/node_modules/.bin/jsesc': '/Users/eboraks/Projects/graph-whisperer/node_modules/.bin/.jsesc-8Zhlthqv',
61 silly reify   '/Users/eboraks/Projects/graph-whisperer/node_modules/json5': '/Users/eboraks/Projects/graph-whisperer/node_modules/.json5-Y2sx1wbZ',
61 silly reify   '/Users/eboraks/Projects/graph-whisperer/node_modules/.bin/json5': '/Users/eboraks/Projects/graph-whisperer/node_modules/.bin/.json5-9aonyL7x',
61 silly reify   '/Users/eboraks/Projects/graph-whisperer/node_modules/mocha': '/Users/eboraks/Projects/graph-whisperer/node_modules/.mocha-UJ9cC3XE',
61 silly reify   '/Users/eboraks/Projects/graph-whisperer/node_modules/.bin/mocha': '/Users/eboraks/Projects/graph-whisperer/node_modules/.bin/.mocha-cBijY725',
61 silly reify   '/Users/eboraks/Projects/graph-whisperer/node_modules/.bin/_mocha': '/Users/eboraks/Projects/graph-whisperer/node_modules/.bin/._mocha-upEUVAVG',
61 silly reify   '/Users/eboraks/Projects/graph-whisperer/node_modules/nanoid': '/Users/eboraks/Projects/graph-whisperer/node_modules/.nanoid-Lby3v7bp',
61 silly reify   '/Users/eboraks/Projects/graph-whisperer/node_modules/.bin/nanoid': '/Users/eboraks/Projects/graph-whisperer/node_modules/.bin/.nanoid-UsCInMNL',
61 silly reify   '/Users/eboraks/Projects/graph-whisperer/node_modules/semver': '/Users/eboraks/Projects/graph-whisperer/node_modules/.semver-abEsgD7C',
61 silly reify   '/Users/eboraks/Projects/graph-whisperer/node_modules/.bin/semver': '/Users/eboraks/Projects/graph-whisperer/node_modules/.bin/.semver-fCFJS8C5',
61 silly reify   '/Users/eboraks/Projects/graph-whisperer/node_modules/rollup': '/Users/eboraks/Projects/graph-whisperer/node_modules/.rollup-eQqgV7Bf',
61 silly reify   '/Users/eboraks/Projects/graph-whisperer/node_modules/.bin/rollup': '/Users/eboraks/Projects/graph-whisperer/node_modules/.bin/.rollup-5yAWm52D',
61 silly reify   '/Users/eboraks/Projects/graph-whisperer/node_modules/typescript': '/Users/eboraks/Projects/graph-whisperer/node_modules/.typescript-BDZqRouZ',
61 silly reify   '/Users/eboraks/Projects/graph-whisperer/node_modules/.bin/tsc': '/Users/eboraks/Projects/graph-whisperer/node_modules/.bin/.tsc-VPCTHn5T',
61 silly reify   '/Users/eboraks/Projects/graph-whisperer/node_modules/.bin/tsserver': '/Users/eboraks/Projects/graph-whisperer/node_modules/.bin/.tsserver-oXqqVKIS',
61 silly reify   '/Users/eboraks/Projects/graph-whisperer/node_modules/update-browserslist-db': '/Users/eboraks/Projects/graph-whisperer/node_modules/.update-browserslist-db-olI7w7CZ',
61 silly reify   '/Users/eboraks/Projects/graph-whisperer/node_modules/.bin/update-browserslist-db': '/Users/eboraks/Projects/graph-whisperer/node_modules/.bin/.update-browserslist-db-HignWiqy',
61 silly reify   '/Users/eboraks/Projects/graph-whisperer/node_modules/which': '/Users/eboraks/Projects/graph-whisperer/node_modules/.which-e02wUxVH',
61 silly reify   '/Users/eboraks/Projects/graph-whisperer/node_modules/.bin/node-which': '/Users/eboraks/Projects/graph-whisperer/node_modules/.bin/.node-which-3VRWjlX0',
61 silly reify   '/Users/eboraks/Projects/graph-whisperer/node_modules/vite': '/Users/eboraks/Projects/graph-whisperer/node_modules/.vite-3uEZxj8M',
61 silly reify   '/Users/eboraks/Projects/graph-whisperer/node_modules/.bin/vite': '/Users/eboraks/Projects/graph-whisperer/node_modules/.bin/.vite-jnrm2F3C',
61 silly reify   '/Users/eboraks/Projects/graph-whisperer/node_modules/@babel/core/node_modules/semver': '/Users/eboraks/Projects/graph-whisperer/node_modules/@babel/core/node_modules/.semver-EZSs4wqR',
61 silly reify   '/Users/eboraks/Projects/graph-whisperer/node_modules/@babel/core/node_modules/.bin/semver': '/Users/eboraks/Projects/graph-whisperer/node_modules/@babel/core/node_modules/.bin/.semver-QoExC59V',
61 silly reify   '/Users/eboraks/Projects/graph-whisperer/node_modules/@babel/helper-compilation-targets/node_modules/semver': '/Users/eboraks/Projects/graph-whisperer/node_modules/@babel/helper-compilation-targets/node_modules/.semver-uc1M2sfP',
61 silly reify   '/Users/eboraks/Projects/graph-whisperer/node_modules/@babel/helper-compilation-targets/node_modules/.bin/semver': '/Users/eboraks/Projects/graph-whisperer/node_modules/@babel/helper-compilation-targets/node_modules/.bin/.semver-7rPPoMzN',
61 silly reify   '/Users/eboraks/Projects/graph-whisperer/node_modules/@babel/parser': '/Users/eboraks/Projects/graph-whisperer/node_modules/@babel/.parser-J4T3wPCr',
61 silly reify   '/Users/eboraks/Projects/graph-whisperer/node_modules/.bin/parser': '/Users/eboraks/Projects/graph-whisperer/node_modules/.bin/.parser-BsBEHCdH',
61 silly reify   '/Users/eboraks/Projects/graph-whisperer/node_modules/@rdfjs/data-model': '/Users/eboraks/Projects/graph-whisperer/node_modules/@rdfjs/.data-model-581YxrqJ',
61 silly reify   '/Users/eboraks/Projects/graph-whisperer/node_modules/.bin/rdfjs-data-model-test': '/Users/eboraks/Projects/graph-whisperer/node_modules/.bin/.rdfjs-data-model-test-LDeF6nt5',
61 silly reify   '/Users/eboraks/Projects/graph-whisperer/node_modules/@rdfjs/dataset': '/Users/eboraks/Projects/graph-whisperer/node_modules/@rdfjs/.dataset-0dg4Fgt0',
61 silly reify   '/Users/eboraks/Projects/graph-whisperer/node_modules/.bin/rdfjs-dataset-test': '/Users/eboraks/Projects/graph-whisperer/node_modules/.bin/.rdfjs-dataset-test-7nFgjeKR'
61 silly reify }
62 silly audit bulk request {
62 silly audit   '@babel/code-frame': [ '7.29.0' ],
62 silly audit   '@babel/compat-data': [ '7.29.0' ],
62 silly audit   '@babel/core': [ '7.29.0' ],
62 silly audit   semver: [ '6.3.1', '7.7.4' ],
62 silly audit   '@babel/generator': [ '7.29.1' ],
62 silly audit   '@babel/helper-compilation-targets': [ '7.28.6' ],
62 silly audit   'lru-cache': [ '5.1.1', '10.4.3' ],
62 silly audit   '@babel/helper-globals': [ '7.28.0' ],
62 silly audit   '@babel/helper-module-imports': [ '7.28.6' ],
62 silly audit   '@babel/helper-module-transforms': [ '7.28.6' ],
62 silly audit   '@babel/helper-plugin-utils': [ '7.28.6' ],
62 silly audit   '@babel/helper-string-parser': [ '7.27.1' ],
62 silly audit   '@babel/helper-validator-identifier': [ '7.28.5' ],
62 silly audit   '@babel/helper-validator-option': [ '7.27.1' ],
62 silly audit   '@babel/helpers': [ '7.28.6' ],
62 silly audit   '@babel/parser': [ '7.29.0' ],
62 silly audit   '@babel/plugin-transform-react-jsx-self': [ '7.27.1' ],
62 silly audit   '@babel/plugin-transform-react-jsx-source': [ '7.27.1' ],
62 silly audit   '@babel/template': [ '7.28.6' ],
62 silly audit   '@babel/traverse': [ '7.29.0' ],
62 silly audit   '@babel/types': [ '7.29.0' ],
62 silly audit   '@bcoe/v8-coverage': [ '0.2.3' ],
62 silly audit   '@bergos/jsonparse': [ '1.4.2' ],
62 silly audit   '@esbuild/aix-ppc64': [ '0.27.3' ],
62 silly audit   '@esbuild/android-arm': [ '0.27.3' ],
62 silly audit   '@esbuild/android-arm64': [ '0.27.3' ],
62 silly audit   '@esbuild/android-x64': [ '0.27.3' ],
62 silly audit   '@esbuild/darwin-arm64': [ '0.27.3' ],
62 silly audit   '@esbuild/darwin-x64': [ '0.27.3' ],
62 silly audit   '@esbuild/freebsd-arm64': [ '0.27.3' ],
62 silly audit   '@esbuild/freebsd-x64': [ '0.27.3' ],
62 silly audit   '@esbuild/linux-arm': [ '0.27.3' ],
62 silly audit   '@esbuild/linux-arm64': [ '0.27.3' ],
62 silly audit   '@esbuild/linux-ia32': [ '0.27.3' ],
62 silly audit   '@esbuild/linux-loong64': [ '0.27.3' ],
62 silly audit   '@esbuild/linux-mips64el': [ '0.27.3' ],
62 silly audit   '@esbuild/linux-ppc64': [ '0.27.3' ],
62 silly audit   '@esbuild/linux-riscv64': [ '0.27.3' ],
62 silly audit   '@esbuild/linux-s390x': [ '0.27.3' ],
62 silly audit   '@esbuild/linux-x64': [ '0.27.3' ],
62 silly audit   '@esbuild/netbsd-arm64': [ '0.27.3' ],
62 silly audit   '@esbuild/netbsd-x64': [ '0.27.3' ],
62 silly audit   '@esbuild/openbsd-arm64': [ '0.27.3' ],
62 silly audit   '@esbuild/openbsd-x64': [ '0.27.3' ],
62 silly audit   '@esbuild/openharmony-arm64': [ '0.27.3' ],
62 silly audit   '@esbuild/sunos-x64': [ '0.27.3' ],
62 silly audit   '@esbuild/win32-arm64': [ '0.27.3' ],
62 silly audit   '@esbuild/win32-ia32': [ '0.27.3' ],
62 silly audit   '@esbuild/win32-x64': [ '0.27.3' ],
62 silly audit   '@eslint-community/eslint-utils': [ '4.9.1' ],
62 silly audit   '@eslint-community/regexpp': [ '4.12.2' ],
62 silly audit   '@eslint/config-array': [ '0.21.1' ],
62 silly audit   'brace-expansion': [ '1.1.12', '2.0.2' ],
62 silly audit   minimatch: [ '3.1.2', '9.0.5', '5.1.6' ],
62 silly audit   '@eslint/config-helpers': [ '0.4.2' ],
62 silly audit   '@eslint/core': [ '0.17.0' ],
62 silly audit   '@eslint/eslintrc': [ '3.3.3' ],
62 silly audit   '@eslint/js': [ '9.39.2' ],
62 silly audit   '@eslint/object-schema': [ '2.1.7' ],
62 silly audit   '@eslint/plugin-kit': [ '0.4.1' ],
62 silly audit   '@humanfs/core': [ '0.19.1' ],
62 silly audit   '@humanfs/node': [ '0.16.7' ],
62 silly audit   '@humanwhocodes/module-importer': [ '1.0.1' ],
62 silly audit   '@humanwhocodes/retry': [ '0.4.3' ],
62 silly audit   '@isaacs/cliui': [ '8.0.2' ],
62 silly audit   '@istanbuljs/schema': [ '0.1.3' ],
62 silly audit   '@jridgewell/gen-mapping': [ '0.3.13' ],
62 silly audit   '@jridgewell/remapping': [ '2.3.5' ],
62 silly audit   '@jridgewell/resolve-uri': [ '3.1.2' ],
62 silly audit   '@jridgewell/sourcemap-codec': [ '1.5.5' ],
62 silly audit   '@jridgewell/trace-mapping': [ '0.3.31' ],
62 silly audit   '@pkgjs/parseargs': [ '0.11.0' ],
62 silly audit   '@rdfjs/data-model': [ '2.1.1' ],
62 silly audit   '@rdfjs/dataset': [ '2.0.2' ],
62 silly audit   '@rdfjs/environment': [ '1.0.0' ],
62 silly audit   '@rdfjs/parser-n3': [ '2.1.0' ],
62 silly audit   '@rdfjs/sink': [ '2.0.1' ],
62 silly audit   '@rdfjs/to-ntriples': [ '3.0.1' ],
62 silly audit   '@rolldown/pluginutils': [ '1.0.0-rc.3' ],
62 silly audit   '@rollup/rollup-android-arm-eabi': [ '4.57.1' ],
62 silly audit   '@rollup/rollup-android-arm64': [ '4.57.1' ],
62 silly audit   '@rollup/rollup-darwin-arm64': [ '4.57.1' ],
62 silly audit   '@rollup/rollup-darwin-x64': [ '4.57.1' ],
62 silly audit   '@rollup/rollup-freebsd-arm64': [ '4.57.1' ],
62 silly audit   '@rollup/rollup-freebsd-x64': [ '4.57.1' ],
62 silly audit   '@rollup/rollup-linux-arm-gnueabihf': [ '4.57.1' ],
62 silly audit   '@rollup/rollup-linux-arm-musleabihf': [ '4.57.1' ],
62 silly audit   '@rollup/rollup-linux-arm64-gnu': [ '4.57.1' ],
62 silly audit   '@rollup/rollup-linux-arm64-musl': [ '4.57.1' ],
62 silly audit   '@rollup/rollup-linux-loong64-gnu': [ '4.57.1' ],
62 silly audit   '@rollup/rollup-linux-loong64-musl': [ '4.57.1' ],
62 silly audit   '@rollup/rollup-linux-ppc64-gnu': [ '4.57.1' ],
62 silly audit   '@rollup/rollup-linux-ppc64-musl': [ '4.57.1' ],
62 silly audit   '@rollup/rollup-linux-riscv64-gnu': [ '4.57.1' ],
62 silly audit   '@rollup/rollup-linux-riscv64-musl': [ '4.57.1' ],
62 silly audit   '@rollup/rollup-linux-s390x-gnu': [ '4.57.1' ],
62 silly audit   '@rollup/rollup-linux-x64-gnu': [ '4.57.1' ],
62 silly audit   '@rollup/rollup-linux-x64-musl': [ '4.57.1' ],
62 silly audit   '@rollup/rollup-openbsd-x64': [ '4.57.1' ],
62 silly audit   '@rollup/rollup-openharmony-arm64': [ '4.57.1' ],
62 silly audit   '@rollup/rollup-win32-arm64-msvc': [ '4.57.1' ],
62 silly audit   '@rollup/rollup-win32-ia32-msvc': [ '4.57.1' ],
62 silly audit   '@rollup/rollup-win32-x64-gnu': [ '4.57.1' ],
62 silly audit   '@rollup/rollup-win32-x64-msvc': [ '4.57.1' ],
62 silly audit   '@tanstack/react-table': [ '8.21.3' ],
62 silly audit   '@tanstack/table-core': [ '8.21.3' ],
62 silly audit   '@types/babel__core': [ '7.20.5' ],
62 silly audit   '@types/babel__generator': [ '7.27.0' ],
62 silly audit   '@types/babel__template': [ '7.4.4' ],
62 silly audit   '@types/babel__traverse': [ '7.28.0' ],
62 silly audit   '@types/estree': [ '1.0.8' ],
62 silly audit   '@types/istanbul-lib-coverage': [ '2.0.6' ],
62 silly audit   '@types/json-schema': [ '7.0.15' ],
62 silly audit   '@types/mocha': [ '10.0.10' ],
62 silly audit   '@types/node': [ '20.19.33' ],
62 silly audit   '@types/react': [ '19.2.13' ],
62 silly audit   '@types/react-dom': [ '19.2.3' ],
62 silly audit   '@types/vscode': [ '1.109.0' ],
62 silly audit   '@typescript-eslint/eslint-plugin': [ '8.54.0' ],
62 silly audit   ignore: [ '7.0.5', '5.3.2' ],
62 silly audit   '@typescript-eslint/parser': [ '8.54.0' ],
62 silly audit   '@typescript-eslint/project-service': [ '8.54.0' ],
62 silly audit   '@typescript-eslint/scope-manager': [ '8.54.0' ],
62 silly audit   '@typescript-eslint/tsconfig-utils': [ '8.54.0' ],
62 silly audit   '@typescript-eslint/type-utils': [ '8.54.0' ],
62 silly audit   '@typescript-eslint/types': [ '8.54.0' ],
62 silly audit   '@typescript-eslint/typescript-estree': [ '8.54.0' ],
62 silly audit   '@typescript-eslint/utils': [ '8.54.0' ],
62 silly audit   '@typescript-eslint/visitor-keys': [ '8.54.0' ],
62 silly audit   'eslint-visitor-keys': [ '4.2.1', '3.4.3' ],
62 silly audit   '@vitejs/plugin-react': [ '5.1.4' ],
62 silly audit   '@vscode/test-cli': [ '0.0.10' ],
62 silly audit   'supports-color': [ '9.4.0', '8.1.1', '7.2.0' ],
62 silly audit   '@vscode/test-electron': [ '2.5.2' ],
62 silly audit   'abort-controller': [ '3.0.0' ],
62 silly audit   acorn: [ '8.15.0' ],
62 silly audit   'acorn-jsx': [ '5.3.2' ],
62 silly audit   'agent-base': [ '7.1.4' ],
62 silly audit   ajv: [ '6.12.6' ],
62 silly audit   'ansi-colors': [ '4.1.3' ],
62 silly audit   'ansi-regex': [ '6.2.2', '5.0.1' ],
62 silly audit   'ansi-styles': [ '4.3.0', '6.2.3' ],
62 silly audit   anymatch: [ '3.1.3' ],
62 silly audit   argparse: [ '2.0.1' ],
62 silly audit   'balanced-match': [ '1.0.2' ],
62 silly audit   'base64-js': [ '1.5.1' ],
62 silly audit   'baseline-browser-mapping': [ '2.9.19' ],
62 silly audit   'binary-extensions': [ '2.3.0' ],
62 silly audit   braces: [ '3.0.3' ],
62 silly audit   'browser-stdout': [ '1.3.1' ],
62 silly audit   browserslist: [ '4.28.1' ],
62 silly audit   buffer: [ '6.0.3' ],
62 silly audit   c8: [ '9.1.0' ],
62 silly audit   callsites: [ '3.1.0' ],
62 silly audit   camelcase: [ '6.3.0' ],
62 silly audit   'caniuse-lite': [ '1.0.30001769' ],
62 silly audit   chalk: [ '4.1.2', '5.6.2' ],
62 silly audit   chokidar: [ '3.6.0' ],
62 silly audit   'glob-parent': [ '5.1.2', '6.0.2' ],
62 silly audit   'cli-cursor': [ '5.0.0' ],
62 silly audit   'cli-spinners': [ '2.9.2' ],
62 silly audit   cliui: [ '8.0.1', '7.0.4' ],
62 silly audit   'emoji-regex': [ '8.0.0', '9.2.2', '10.6.0' ],
62 silly audit   'string-width': [ '4.2.3', '7.2.0', '5.1.2' ],
62 silly audit   'strip-ansi': [ '6.0.1', '7.1.2' ],
62 silly audit   'wrap-ansi': [ '7.0.0', '8.1.0' ],
62 silly audit   'color-convert': [ '2.0.1' ],
62 silly audit   'color-name': [ '1.1.4' ],
62 silly audit   'concat-map': [ '0.0.1' ],
62 silly audit   'convert-source-map': [ '2.0.0' ],
62 silly audit   'core-util-is': [ '1.0.3' ],
62 silly audit   'cross-spawn': [ '7.0.6' ],
62 silly audit   csstype: [ '3.2.3' ],
62 silly audit   'data-uri-to-buffer': [ '4.0.1' ],
62 silly audit   debug: [ '4.4.3' ],
62 silly audit   decamelize: [ '4.0.0' ],
62 silly audit   'deep-is': [ '0.1.4' ],
62 silly audit   diff: [ '5.2.2' ],
62 silly audit   'duplex-to': [ '2.0.0' ],
62 silly audit   eastasianwidth: [ '0.2.0' ],
62 silly audit   'electron-to-chromium': [ '1.5.286' ],
62 silly audit   'enhanced-resolve': [ '5.19.0' ],
62 silly audit   esbuild: [ '0.27.3' ],
62 silly audit   escalade: [ '3.2.0' ],
62 silly audit   'escape-string-regexp': [ '4.0.0' ],
62 silly audit   eslint: [ '9.39.2' ],
62 silly audit   'eslint-scope': [ '8.4.0' ],
62 silly audit   espree: [ '10.4.0' ],
62 silly audit   esquery: [ '1.7.0' ],
62 silly audit   esrecurse: [ '4.3.0' ],
62 silly audit   estraverse: [ '5.3.0' ],
62 silly audit   esutils: [ '2.0.3' ],
62 silly audit   'event-target-shim': [ '5.0.1' ],
62 silly audit   events: [ '3.3.0' ],
62 silly audit   'fast-deep-equal': [ '3.1.3' ],
62 silly audit   'fast-json-stable-stringify': [ '2.1.0' ],
62 silly audit   'fast-levenshtein': [ '2.0.6' ],
62 silly audit   'fetch-blob': [ '3.2.0' ],
62 silly audit   'file-entry-cache': [ '8.0.0' ],
62 silly audit   'fill-range': [ '7.1.1' ],
62 silly audit   'find-up': [ '5.0.0' ],
62 silly audit   flat: [ '5.0.2' ],
62 silly audit   'flat-cache': [ '4.0.1' ],
62 silly audit   flatted: [ '3.3.3' ],
62 silly audit   'foreground-child': [ '3.3.1' ],
62 silly audit   'formdata-polyfill': [ '4.0.10' ],
62 silly audit   'fs.realpath': [ '1.0.0' ],
62 silly audit   fsevents: [ '2.3.3' ],
62 silly audit   gensync: [ '1.0.0-beta.2' ],
62 silly audit   'get-caller-file': [ '2.0.5' ],
62 silly audit   'get-east-asian-width': [ '1.4.0' ],
62 silly audit   glob: [ '10.5.0', '8.1.0', '7.2.3' ],
62 silly audit   globals: [ '14.0.0' ],
62 silly audit   'graceful-fs': [ '4.2.11' ],
62 silly audit   'has-flag': [ '4.0.0' ],
62 silly audit   he: [ '1.2.0' ],
62 silly audit   'html-escaper': [ '2.0.2' ],
62 silly audit   'http-proxy-agent': [ '7.0.2' ],
62 silly audit   'https-proxy-agent': [ '7.0.6' ],
62 silly audit   ieee754: [ '1.2.1' ],
62 silly audit   immediate: [ '3.0.6' ],
62 silly audit   'import-fresh': [ '3.3.1' ],
62 silly audit   imurmurhash: [ '0.1.4' ],
62 silly audit   inflight: [ '1.0.6' ],
62 silly audit   inherits: [ '2.0.4' ],
62 silly audit   'is-binary-path': [ '2.1.0' ],
62 silly audit   'is-extglob': [ '2.1.1' ],
62 silly audit   'is-fullwidth-code-point': [ '3.0.0' ],
62 silly audit   'is-glob': [ '4.0.3' ],
62 silly audit   'is-interactive': [ '2.0.0' ],
62 silly audit   'is-number': [ '7.0.0' ],
62 silly audit   'is-plain-obj': [ '2.1.0' ],
62 silly audit   'is-unicode-supported': [ '0.1.0', '2.1.0', '1.3.0' ],
62 silly audit   isarray: [ '1.0.0' ],
62 silly audit   isexe: [ '2.0.0' ],
62 silly audit   'istanbul-lib-coverage': [ '3.2.2' ],
62 silly audit   'istanbul-lib-report': [ '3.0.1' ],
62 silly audit   'istanbul-reports': [ '3.2.0' ],
62 silly audit   jackspeak: [ '3.4.3' ],
62 silly audit   'js-tokens': [ '4.0.0' ],
62 silly audit   'js-yaml': [ '4.1.1' ],
62 silly audit   jsesc: [ '3.1.0' ],
62 silly audit   'json-buffer': [ '3.0.1' ],
62 silly audit   'json-schema-traverse': [ '0.4.1' ],
62 silly audit   'json-stable-stringify-without-jsonify': [ '1.0.1' ],
62 silly audit   json5: [ '2.2.3' ],
62 silly audit   jszip: [ '3.10.1' ],
62 silly audit   'readable-stream': [ '2.3.8', '4.7.0' ],
62 silly audit   'safe-buffer': [ '5.1.2', '5.2.1' ],
62 silly audit   string_decoder: [ '1.1.1', '1.3.0' ],
62 silly audit   keyv: [ '4.5.4' ],
62 silly audit   levn: [ '0.4.1' ],
62 silly audit   lie: [ '3.3.0' ],
62 silly audit   'locate-path': [ '6.0.0' ],
62 silly audit   lodash: [ '4.17.23' ],
62 silly audit   'lodash.merge': [ '4.6.2' ],
62 silly audit   'log-symbols': [ '4.1.0', '6.0.0' ],
62 silly audit   'make-dir': [ '4.0.0' ],
62 silly audit   'mimic-function': [ '5.0.1' ],
62 silly audit   minipass: [ '7.1.2' ],
62 silly audit   mocha: [ '10.8.2' ],
62 silly audit   yargs: [ '16.2.0', '17.7.2' ],
62 silly audit   'yargs-parser': [ '20.2.9', '21.1.1' ],
62 silly audit   ms: [ '2.1.3' ],
62 silly audit   n3: [ '1.26.0' ],
62 silly audit   nanoid: [ '3.3.11' ],
62 silly audit   'natural-compare': [ '1.4.0' ],
62 silly audit   'node-domexception': [ '1.0.0' ],
62 silly audit   'node-fetch': [ '3.3.2' ],
62 silly audit   'node-releases': [ '2.0.27' ],
62 silly audit   'nodeify-fetch': [ '3.1.0' ],
62 silly audit   'normalize-path': [ '3.0.0' ],
62 silly audit   once: [ '1.4.0' ],
62 silly audit   onetime: [ '7.0.0' ],
62 silly audit   optionator: [ '0.9.4' ],
62 silly audit   ora: [ '8.2.0' ],
62 silly audit   'p-limit': [ '3.1.0' ],
62 silly audit   'p-locate': [ '5.0.0' ],
62 silly audit   'package-json-from-dist': [ '1.0.1' ],
62 silly audit   pako: [ '1.0.11' ],
62 silly audit   'parent-module': [ '1.0.1' ],
62 silly audit   'path-exists': [ '4.0.0' ],
62 silly audit   'path-is-absolute': [ '1.0.1' ],
62 silly audit   'path-key': [ '3.1.1' ],
62 silly audit   'path-scurry': [ '1.11.1' ],
62 silly audit   picocolors: [ '1.1.1' ],
62 silly audit   picomatch: [ '2.3.1', '4.0.3' ],
62 silly audit   postcss: [ '8.5.6' ],
62 silly audit   'prelude-ls': [ '1.2.1' ],
62 silly audit   process: [ '0.11.10' ],
62 silly audit   'process-nextick-args': [ '2.0.1' ],
62 silly audit   punycode: [ '2.3.1' ],
62 silly audit   randombytes: [ '2.1.0' ],
62 silly audit   'rdf-transform-triple-to-quad': [ '2.0.1' ],
62 silly audit   react: [ '19.2.4' ],
62 silly audit   'react-dom': [ '19.2.4' ],
62 silly audit   'react-refresh': [ '0.18.0' ],
62 silly audit   readdirp: [ '3.6.0' ],
62 silly audit   'require-directory': [ '2.1.1' ],
62 silly audit   'resolve-from': [ '4.0.0' ],
62 silly audit   'restore-cursor': [ '5.1.0' ],
62 silly audit   rollup: [ '4.57.1' ],
62 silly audit   scheduler: [ '0.27.0' ],
62 silly audit   'serialize-javascript': [ '6.0.2' ],
62 silly audit   setimmediate: [ '1.0.5' ],
62 silly audit   'shebang-command': [ '2.0.0' ],
62 silly audit   'shebang-regex': [ '3.0.0' ],
62 silly audit   'signal-exit': [ '4.1.0' ],
62 silly audit   'source-map-js': [ '1.2.1' ],
62 silly audit   'sparql-http-client': [ '3.1.0' ],
62 silly audit   'stdin-discarder': [ '0.2.2' ],
62 silly audit   'stream-chunks': [ '1.0.0' ],
62 silly audit   'strip-json-comments': [ '3.1.1' ],
62 silly audit   tapable: [ '2.3.0' ],
62 silly audit   'test-exclude': [ '6.0.0' ],
62 silly audit   tinyglobby: [ '0.2.15' ],
62 silly audit   fdir: [ '6.5.0' ],
62 silly audit   'to-regex-range': [ '5.0.1' ],
62 silly audit   'ts-api-utils': [ '2.4.0' ],
62 silly audit   'type-check': [ '0.4.0' ],
62 silly audit   typescript: [ '5.9.3' ],
62 silly audit   'typescript-eslint': [ '8.54.0' ],
62 silly audit   'undici-types': [ '6.21.0' ],
62 silly audit   'update-browserslist-db': [ '1.2.3' ],
62 silly audit   'uri-js': [ '4.4.1' ],
62 silly audit   'util-deprecate': [ '1.0.2' ],
62 silly audit   'v8-to-istanbul': [ '9.3.0' ],
62 silly audit   vite: [ '7.3.1' ],
62 silly audit   'web-streams-polyfill': [ '3.3.3' ],
62 silly audit   which: [ '2.0.2' ],
62 silly audit   'word-wrap': [ '1.2.5' ],
62 silly audit   workerpool: [ '6.5.1' ],
62 silly audit   wrappy: [ '1.0.2' ],
62 silly audit   y18n: [ '5.0.8' ],
62 silly audit   yallist: [ '3.1.1' ],
62 silly audit   'yargs-unparser': [ '2.0.0' ],
62 silly audit   'yocto-queue': [ '0.1.0' ],
62 silly audit   '@uiw/react-json-view': [ '2.0.0-alpha.41' ],
62 silly audit   '@babel/runtime': [ '7.28.6' ]
62 silly audit }
63 verbose reify failed optional dependency /Users/eboraks/Projects/graph-whisperer/node_modules/@rollup/rollup-win32-x64-msvc
64 silly reify mark deleted [
64 silly reify   '/Users/eboraks/Projects/graph-whisperer/node_modules/@rollup/rollup-win32-x64-msvc'
64 silly reify ]
65 verbose reify failed optional dependency /Users/eboraks/Projects/graph-whisperer/node_modules/@rollup/rollup-win32-x64-gnu
66 silly reify mark deleted [
66 silly reify   '/Users/eboraks/Projects/graph-whisperer/node_modules/@rollup/rollup-win32-x64-gnu'
66 silly reify ]
67 verbose reify failed optional dependency /Users/eboraks/Projects/graph-whisperer/node_modules/@rollup/rollup-win32-ia32-msvc
68 silly reify mark deleted [
68 silly reify   '/Users/eboraks/Projects/graph-whisperer/node_modules/@rollup/rollup-win32-ia32-msvc'
68 silly reify ]
69 verbose reify failed optional dependency /Users/eboraks/Projects/graph-whisperer/node_modules/@rollup/rollup-win32-arm64-msvc
70 silly reify mark deleted [
70 silly reify   '/Users/eboraks/Projects/graph-whisperer/node_modules/@rollup/rollup-win32-arm64-msvc'
70 silly reify ]
71 verbose reify failed optional dependency /Users/eboraks/Projects/graph-whisperer/node_modules/@rollup/rollup-openharmony-arm64
72 silly reify mark deleted [
72 silly reify   '/Users/eboraks/Projects/graph-whisperer/node_modules/@rollup/rollup-openharmony-arm64'
72 silly reify ]
73 verbose reify failed optional dependency /Users/eboraks/Projects/graph-whisperer/node_modules/@rollup/rollup-openbsd-x64
74 silly reify mark deleted [
74 silly reify   '/Users/eboraks/Projects/graph-whisperer/node_modules/@rollup/rollup-openbsd-x64'
74 silly reify ]
75 verbose reify failed optional dependency /Users/eboraks/Projects/graph-whisperer/node_modules/@rollup/rollup-linux-x64-musl
76 silly reify mark deleted [
76 silly reify   '/Users/eboraks/Projects/graph-whisperer/node_modules/@rollup/rollup-linux-x64-musl'
76 silly reify ]
77 verbose reify failed optional dependency /Users/eboraks/Projects/graph-whisperer/node_modules/@rollup/rollup-linux-x64-gnu
78 silly reify mark deleted [
78 silly reify   '/Users/eboraks/Projects/graph-whisperer/node_modules/@rollup/rollup-linux-x64-gnu'
78 silly reify ]
79 verbose reify failed optional dependency /Users/eboraks/Projects/graph-whisperer/node_modules/@rollup/rollup-linux-s390x-gnu
80 silly reify mark deleted [
80 silly reify   '/Users/eboraks/Projects/graph-whisperer/node_modules/@rollup/rollup-linux-s390x-gnu'
80 silly reify ]
81 verbose reify failed optional dependency /Users/eboraks/Projects/graph-whisperer/node_modules/@rollup/rollup-linux-riscv64-musl
82 silly reify mark deleted [
82 silly reify   '/Users/eboraks/Projects/graph-whisperer/node_modules/@rollup/rollup-linux-riscv64-musl'
82 silly reify ]
83 verbose reify failed optional dependency /Users/eboraks/Projects/graph-whisperer/node_modules/@rollup/rollup-linux-riscv64-gnu
84 silly reify mark deleted [
84 silly reify   '/Users/eboraks/Projects/graph-whisperer/node_modules/@rollup/rollup-linux-riscv64-gnu'
84 silly reify ]
85 verbose reify failed optional dependency /Users/eboraks/Projects/graph-whisperer/node_modules/@rollup/rollup-linux-ppc64-musl
86 silly reify mark deleted [
86 silly reify   '/Users/eboraks/Projects/graph-whisperer/node_modules/@rollup/rollup-linux-ppc64-musl'
86 silly reify ]
87 verbose reify failed optional dependency /Users/eboraks/Projects/graph-whisperer/node_modules/@rollup/rollup-linux-ppc64-gnu
88 silly reify mark deleted [
88 silly reify   '/Users/eboraks/Projects/graph-whisperer/node_modules/@rollup/rollup-linux-ppc64-gnu'
88 silly reify ]
89 verbose reify failed optional dependency /Users/eboraks/Projects/graph-whisperer/node_modules/@rollup/rollup-linux-loong64-musl
90 silly reify mark deleted [
90 silly reify   '/Users/eboraks/Projects/graph-whisperer/node_modules/@rollup/rollup-linux-loong64-musl'
90 silly reify ]
91 verbose reify failed optional dependency /Users/eboraks/Projects/graph-whisperer/node_modules/@rollup/rollup-linux-loong64-gnu
92 silly reify mark deleted [
92 silly reify   '/Users/eboraks/Projects/graph-whisperer/node_modules/@rollup/rollup-linux-loong64-gnu'
92 silly reify ]
93 verbose reify failed optional dependency /Users/eboraks/Projects/graph-whisperer/node_modules/@rollup/rollup-linux-arm64-musl
94 silly reify mark deleted [
94 silly reify   '/Users/eboraks/Projects/graph-whisperer/node_modules/@rollup/rollup-linux-arm64-musl'
94 silly reify ]
95 verbose reify failed optional dependency /Users/eboraks/Projects/graph-whisperer/node_modules/@rollup/rollup-linux-arm64-gnu
96 silly reify mark deleted [
96 silly reify   '/Users/eboraks/Projects/graph-whisperer/node_modules/@rollup/rollup-linux-arm64-gnu'
96 silly reify ]
97 verbose reify failed optional dependency /Users/eboraks/Projects/graph-whisperer/node_modules/@rollup/rollup-linux-arm-musleabihf
98 silly reify mark deleted [
98 silly reify   '/Users/eboraks/Projects/graph-whisperer/node_modules/@rollup/rollup-linux-arm-musleabihf'
98 silly reify ]
99 verbose reify failed optional dependency /Users/eboraks/Projects/graph-whisperer/node_modules/@rollup/rollup-linux-arm-gnueabihf
100 silly reify mark deleted [
100 silly reify   '/Users/eboraks/Projects/graph-whisperer/node_modules/@rollup/rollup-linux-arm-gnueabihf'
100 silly reify ]
101 verbose reify failed optional dependency /Users/eboraks/Projects/graph-whisperer/node_modules/@rollup/rollup-freebsd-x64
102 silly reify mark deleted [
102 silly reify   '/Users/eboraks/Projects/graph-whisperer/node_modules/@rollup/rollup-freebsd-x64'
102 silly reify ]
103 verbose reify failed optional dependency /Users/eboraks/Projects/graph-whisperer/node_modules/@rollup/rollup-freebsd-arm64
104 silly reify mark deleted [
104 silly reify   '/Users/eboraks/Projects/graph-whisperer/node_modules/@rollup/rollup-freebsd-arm64'
104 silly reify ]
105 verbose reify failed optional dependency /Users/eboraks/Projects/graph-whisperer/node_modules/@rollup/rollup-darwin-x64
106 silly reify mark deleted [
106 silly reify   '/Users/eboraks/Projects/graph-whisperer/node_modules/@rollup/rollup-darwin-x64'
106 silly reify ]
107 verbose reify failed optional dependency /Users/eboraks/Projects/graph-whisperer/node_modules/@rollup/rollup-android-arm64
108 silly reify mark deleted [
108 silly reify   '/Users/eboraks/Projects/graph-whisperer/node_modules/@rollup/rollup-android-arm64'
108 silly reify ]
109 verbose reify failed optional dependency /Users/eboraks/Projects/graph-whisperer/node_modules/@rollup/rollup-android-arm-eabi
110 silly reify mark deleted [
110 silly reify   '/Users/eboraks/Projects/graph-whisperer/node_modules/@rollup/rollup-android-arm-eabi'
110 silly reify ]
111 verbose reify failed optional dependency /Users/eboraks/Projects/graph-whisperer/node_modules/@esbuild/win32-x64
112 silly reify mark deleted [
112 silly reify   '/Users/eboraks/Projects/graph-whisperer/node_modules/@esbuild/win32-x64'
112 silly reify ]
113 verbose reify failed optional dependency /Users/eboraks/Projects/graph-whisperer/node_modules/@esbuild/win32-ia32
114 silly reify mark deleted [
114 silly reify   '/Users/eboraks/Projects/graph-whisperer/node_modules/@esbuild/win32-ia32'
114 silly reify ]
115 verbose reify failed optional dependency /Users/eboraks/Projects/graph-whisperer/node_modules/@esbuild/win32-arm64
116 silly reify mark deleted [
116 silly reify   '/Users/eboraks/Projects/graph-whisperer/node_modules/@esbuild/win32-arm64'
116 silly reify ]
117 verbose reify failed optional dependency /Users/eboraks/Projects/graph-whisperer/node_modules/@esbuild/sunos-x64
118 silly reify mark deleted [
118 silly reify   '/Users/eboraks/Projects/graph-whisperer/node_modules/@esbuild/sunos-x64'
118 silly reify ]
119 verbose reify failed optional dependency /Users/eboraks/Projects/graph-whisperer/node_modules/@esbuild/openharmony-arm64
120 silly reify mark deleted [
120 silly reify   '/Users/eboraks/Projects/graph-whisperer/node_modules/@esbuild/openharmony-arm64'
120 silly reify ]
121 verbose reify failed optional dependency /Users/eboraks/Projects/graph-whisperer/node_modules/@esbuild/openbsd-x64
122 silly reify mark deleted [
122 silly reify   '/Users/eboraks/Projects/graph-whisperer/node_modules/@esbuild/openbsd-x64'
122 silly reify ]
123 verbose reify failed optional dependency /Users/eboraks/Projects/graph-whisperer/node_modules/@esbuild/openbsd-arm64
124 silly reify mark deleted [
124 silly reify   '/Users/eboraks/Projects/graph-whisperer/node_modules/@esbuild/openbsd-arm64'
124 silly reify ]
125 verbose reify failed optional dependency /Users/eboraks/Projects/graph-whisperer/node_modules/@esbuild/netbsd-x64
126 silly reify mark deleted [
126 silly reify   '/Users/eboraks/Projects/graph-whisperer/node_modules/@esbuild/netbsd-x64'
126 silly reify ]
127 verbose reify failed optional dependency /Users/eboraks/Projects/graph-whisperer/node_modules/@esbuild/netbsd-arm64
128 silly reify mark deleted [
128 silly reify   '/Users/eboraks/Projects/graph-whisperer/node_modules/@esbuild/netbsd-arm64'
128 silly reify ]
129 verbose reify failed optional dependency /Users/eboraks/Projects/graph-whisperer/node_modules/@esbuild/linux-x64
130 silly reify mark deleted [
130 silly reify   '/Users/eboraks/Projects/graph-whisperer/node_modules/@esbuild/linux-x64'
130 silly reify ]
131 verbose reify failed optional dependency /Users/eboraks/Projects/graph-whisperer/node_modules/@esbuild/linux-s390x
132 silly reify mark deleted [
132 silly reify   '/Users/eboraks/Projects/graph-whisperer/node_modules/@esbuild/linux-s390x'
132 silly reify ]
133 verbose reify failed optional dependency /Users/eboraks/Projects/graph-whisperer/node_modules/@esbuild/linux-riscv64
134 silly reify mark deleted [
134 silly reify   '/Users/eboraks/Projects/graph-whisperer/node_modules/@esbuild/linux-riscv64'
134 silly reify ]
135 verbose reify failed optional dependency /Users/eboraks/Projects/graph-whisperer/node_modules/@esbuild/linux-ppc64
136 silly reify mark deleted [
136 silly reify   '/Users/eboraks/Projects/graph-whisperer/node_modules/@esbuild/linux-ppc64'
136 silly reify ]
137 verbose reify failed optional dependency /Users/eboraks/Projects/graph-whisperer/node_modules/@esbuild/linux-mips64el
138 silly reify mark deleted [
138 silly reify   '/Users/eboraks/Projects/graph-whisperer/node_modules/@esbuild/linux-mips64el'
138 silly reify ]
139 verbose reify failed optional dependency /Users/eboraks/Projects/graph-whisperer/node_modules/@esbuild/linux-loong64
140 silly reify mark deleted [
140 silly reify   '/Users/eboraks/Projects/graph-whisperer/node_modules/@esbuild/linux-loong64'
140 silly reify ]
141 verbose reify failed optional dependency /Users/eboraks/Projects/graph-whisperer/node_modules/@esbuild/linux-ia32
142 silly reify mark deleted [
142 silly reify   '/Users/eboraks/Projects/graph-whisperer/node_modules/@esbuild/linux-ia32'
142 silly reify ]
143 verbose reify failed optional dependency /Users/eboraks/Projects/graph-whisperer/node_modules/@esbuild/linux-arm64
144 silly reify mark deleted [
144 silly reify   '/Users/eboraks/Projects/graph-whisperer/node_modules/@esbuild/linux-arm64'
144 silly reify ]
145 verbose reify failed optional dependency /Users/eboraks/Projects/graph-whisperer/node_modules/@esbuild/linux-arm
146 silly reify mark deleted [
146 silly reify   '/Users/eboraks/Projects/graph-whisperer/node_modules/@esbuild/linux-arm'
146 silly reify ]
147 verbose reify failed optional dependency /Users/eboraks/Projects/graph-whisperer/node_modules/@esbuild/freebsd-x64
148 silly reify mark deleted [
148 silly reify   '/Users/eboraks/Projects/graph-whisperer/node_modules/@esbuild/freebsd-x64'
148 silly reify ]
149 verbose reify failed optional dependency /Users/eboraks/Projects/graph-whisperer/node_modules/@esbuild/freebsd-arm64
150 silly reify mark deleted [
150 silly reify   '/Users/eboraks/Projects/graph-whisperer/node_modules/@esbuild/freebsd-arm64'
150 silly reify ]
151 verbose reify failed optional dependency /Users/eboraks/Projects/graph-whisperer/node_modules/@esbuild/darwin-x64
152 silly reify mark deleted [
152 silly reify   '/Users/eboraks/Projects/graph-whisperer/node_modules/@esbuild/darwin-x64'
152 silly reify ]
153 verbose reify failed optional dependency /Users/eboraks/Projects/graph-whisperer/node_modules/@esbuild/android-x64
154 silly reify mark deleted [
154 silly reify   '/Users/eboraks/Projects/graph-whisperer/node_modules/@esbuild/android-x64'
154 silly reify ]
155 verbose reify failed optional dependency /Users/eboraks/Projects/graph-whisperer/node_modules/@esbuild/android-arm64
156 silly reify mark deleted [
156 silly reify   '/Users/eboraks/Projects/graph-whisperer/node_modules/@esbuild/android-arm64'
156 silly reify ]
157 verbose reify failed optional dependency /Users/eboraks/Projects/graph-whisperer/node_modules/@esbuild/android-arm
158 silly reify mark deleted [
158 silly reify   '/Users/eboraks/Projects/graph-whisperer/node_modules/@esbuild/android-arm'
158 silly reify ]
159 verbose reify failed optional dependency /Users/eboraks/Projects/graph-whisperer/node_modules/@esbuild/aix-ppc64
160 silly reify mark deleted [
160 silly reify   '/Users/eboraks/Projects/graph-whisperer/node_modules/@esbuild/aix-ppc64'
160 silly reify ]
161 http cache @babel/runtime@https://registry.npmjs.org/@babel/runtime/-/runtime-7.28.6.tgz 0ms (cache hit)
162 http cache @uiw/react-json-view@https://registry.npmjs.org/@uiw/react-json-view/-/react-json-view-2.0.0-alpha.41.tgz 0ms (cache hit)
163 http cache @rdfjs/data-model@https://registry.npmjs.org/@rdfjs/data-model/-/data-model-2.1.1.tgz 0ms (cache hit)
164 http cache @rdfjs/dataset@https://registry.npmjs.org/@rdfjs/dataset/-/dataset-2.0.2.tgz 0ms (cache hit)
165 http cache @babel/parser@https://registry.npmjs.org/@babel/parser/-/parser-7.29.0.tgz 0ms (cache hit)
166 http cache vite@https://registry.npmjs.org/vite/-/vite-7.3.1.tgz 0ms (cache hit)
167 http cache which@https://registry.npmjs.org/which/-/which-2.0.2.tgz 0ms (cache hit)
168 http cache typescript@https://registry.npmjs.org/typescript/-/typescript-5.9.3.tgz 0ms (cache hit)
169 http cache rollup@https://registry.npmjs.org/rollup/-/rollup-4.57.1.tgz 0ms (cache hit)
170 http cache nanoid@https://registry.npmjs.org/nanoid/-/nanoid-3.3.11.tgz 0ms (cache hit)
171 http cache semver@https://registry.npmjs.org/semver/-/semver-7.7.4.tgz 0ms (cache hit)
172 http cache mocha@https://registry.npmjs.org/mocha/-/mocha-10.8.2.tgz 0ms (cache hit)
173 http cache json5@https://registry.npmjs.org/json5/-/json5-2.2.3.tgz 0ms (cache hit)
174 http cache jsesc@https://registry.npmjs.org/jsesc/-/jsesc-3.1.0.tgz 0ms (cache hit)
175 http cache js-yaml@https://registry.npmjs.org/js-yaml/-/js-yaml-4.1.1.tgz 0ms (cache hit)
176 http cache update-browserslist-db@https://registry.npmjs.org/update-browserslist-db/-/update-browserslist-db-1.2.3.tgz 0ms (cache hit)
177 http cache he@https://registry.npmjs.org/he/-/he-1.2.0.tgz 0ms (cache hit)
178 http cache flat@https://registry.npmjs.org/flat/-/flat-5.0.2.tgz 0ms (cache hit)
179 http cache glob@https://registry.npmjs.org/glob/-/glob-10.5.0.tgz 0ms (cache hit)
180 http cache eslint@https://registry.npmjs.org/eslint/-/eslint-9.39.2.tgz 0ms (cache hit)
181 http cache browserslist@https://registry.npmjs.org/browserslist/-/browserslist-4.28.1.tgz 0ms (cache hit)
182 http cache c8@https://registry.npmjs.org/c8/-/c8-9.1.0.tgz 0ms (cache hit)
183 http cache baseline-browser-mapping@https://registry.npmjs.org/baseline-browser-mapping/-/baseline-browser-mapping-2.9.19.tgz 0ms (cache hit)
184 http cache esbuild@https://registry.npmjs.org/esbuild/-/esbuild-0.27.3.tgz 0ms (cache hit)
185 http cache acorn@https://registry.npmjs.org/acorn/-/acorn-8.15.0.tgz 0ms (cache hit)
186 http cache semver@https://registry.npmjs.org/semver/-/semver-6.3.1.tgz 0ms (cache hit)
187 http cache @vscode/test-cli@https://registry.npmjs.org/@vscode/test-cli/-/test-cli-0.0.10.tgz 0ms (cache hit)
188 http cache @vscode/test-electron@https://registry.npmjs.org/@vscode/test-electron/-/test-electron-2.5.2.tgz 0ms (cache hit)
189 http cache semver@https://registry.npmjs.org/semver/-/semver-6.3.1.tgz 0ms (cache hit)
190 warn deprecated glob@10.5.0: Old versions of glob are not supported, and contain widely publicized security vulnerabilities, which have been fixed in the current version. Please update. Support for old versions may be purchased (at exorbitant rates) by contacting i@izs.me
191 http fetch POST 200 https://registry.npmjs.org/-/npm/v1/security/advisories/bulk 147ms
192 silly audit report {}
193 info run esbuild@0.27.3 postinstall node_modules/esbuild node install.js
194 info run esbuild@0.27.3 postinstall { code: 0, signal: null }
195 silly ADD node_modules/@babel/runtime
196 silly ADD node_modules/@uiw/react-json-view
197 silly ADD node_modules/@rollup/rollup-win32-x64-msvc
198 silly ADD node_modules/@rollup/rollup-win32-x64-gnu
199 silly ADD node_modules/@rollup/rollup-win32-ia32-msvc
200 silly ADD node_modules/@rollup/rollup-win32-arm64-msvc
201 silly ADD node_modules/@rollup/rollup-openharmony-arm64
202 silly ADD node_modules/@rollup/rollup-openbsd-x64
203 silly ADD node_modules/@rollup/rollup-linux-x64-musl
204 silly ADD node_modules/@rollup/rollup-linux-x64-gnu
205 silly ADD node_modules/@rollup/rollup-linux-s390x-gnu
206 silly ADD node_modules/@rollup/rollup-linux-riscv64-musl
207 silly ADD node_modules/@rollup/rollup-linux-riscv64-gnu
208 silly ADD node_modules/@rollup/rollup-linux-ppc64-musl
209 silly ADD node_modules/@rollup/rollup-linux-ppc64-gnu
210 silly ADD node_modules/@rollup/rollup-linux-loong64-musl
211 silly ADD node_modules/@rollup/rollup-linux-loong64-gnu
212 silly ADD node_modules/@rollup/rollup-linux-arm64-musl
213 silly ADD node_modules/@rollup/rollup-linux-arm64-gnu
214 silly ADD node_modules/@rollup/rollup-linux-arm-musleabihf
215 silly ADD node_modules/@rollup/rollup-linux-arm-gnueabihf
216 silly ADD node_modules/@rollup/rollup-freebsd-x64
217 silly ADD node_modules/@rollup/rollup-freebsd-arm64
218 silly ADD node_modules/@rollup/rollup-darwin-x64
219 silly ADD node_modules/@rollup/rollup-android-arm64
220 silly ADD node_modules/@rollup/rollup-android-arm-eabi
221 silly ADD node_modules/@esbuild/win32-x64
222 silly ADD node_modules/@esbuild/win32-ia32
223 silly ADD node_modules/@esbuild/win32-arm64
224 silly ADD node_modules/@esbuild/sunos-x64
225 silly ADD node_modules/@esbuild/openharmony-arm64
226 silly ADD node_modules/@esbuild/openbsd-x64
227 silly ADD node_modules/@esbuild/openbsd-arm64
228 silly ADD node_modules/@esbuild/netbsd-x64
229 silly ADD node_modules/@esbuild/netbsd-arm64
230 silly ADD node_modules/@esbuild/linux-x64
231 silly ADD node_modules/@esbuild/linux-s390x
232 silly ADD node_modules/@esbuild/linux-riscv64
233 silly ADD node_modules/@esbuild/linux-ppc64
234 silly ADD node_modules/@esbuild/linux-mips64el
235 silly ADD node_modules/@esbuild/linux-loong64
236 silly ADD node_modules/@esbuild/linux-ia32
237 silly ADD node_modules/@esbuild/linux-arm64
238 silly ADD node_modules/@esbuild/linux-arm
239 silly ADD node_modules/@esbuild/freebsd-x64
240 silly ADD node_modules/@esbuild/freebsd-arm64
241 silly ADD node_modules/@esbuild/darwin-x64
242 silly ADD node_modules/@esbuild/android-x64
243 silly ADD node_modules/@esbuild/android-arm64
244 silly ADD node_modules/@esbuild/android-arm
245 silly ADD node_modules/@esbuild/aix-ppc64
246 silly CHANGE node_modules/@rdfjs/dataset
247 silly CHANGE node_modules/@rdfjs/data-model
248 silly CHANGE node_modules/@babel/parser
249 silly CHANGE node_modules/@babel/helper-compilation-targets/node_modules/semver
250 silly CHANGE node_modules/@babel/core/node_modules/semver
251 silly CHANGE node_modules/vite
252 silly CHANGE node_modules/which
253 silly CHANGE node_modules/update-browserslist-db
254 silly CHANGE node_modules/typescript
255 silly CHANGE node_modules/rollup
256 silly CHANGE node_modules/semver
257 silly CHANGE node_modules/nanoid
258 silly CHANGE node_modules/mocha
259 silly CHANGE node_modules/json5
260 silly CHANGE node_modules/jsesc
261 silly CHANGE node_modules/js-yaml
262 silly CHANGE node_modules/he
263 silly CHANGE node_modules/glob
264 silly CHANGE node_modules/flat
265 silly CHANGE node_modules/eslint
266 silly CHANGE node_modules/esbuild
267 silly CHANGE node_modules/browserslist
268 silly CHANGE node_modules/c8
269 silly CHANGE node_modules/baseline-browser-mapping
270 silly CHANGE node_modules/acorn
271 silly CHANGE node_modules/@vscode/test-electron
272 silly CHANGE node_modules/@vscode/test-cli
273 verbose cwd /Users/eboraks/Projects/graph-whisperer
274 verbose os Darwin 25.2.0
275 verbose node v24.7.0
276 verbose npm  v11.5.1
277 verbose exit 0
278 info ok
