0 verbose cli /opt/homebrew/Cellar/node/24.7.0/bin/node /opt/homebrew/bin/npm
1 info using npm@11.5.1
2 info using node@v24.7.0
3 silly config load:file:/opt/homebrew/lib/node_modules/npm/npmrc
4 silly config load:file:/Users/eboraks/Projects/graph-whisperer/.npmrc
5 silly config load:file:/Users/eboraks/.npmrc
6 silly config load:file:/opt/homebrew/etc/npmrc
7 verbose title npm install
8 verbose argv "install"
9 verbose logfile logs-max:10 dir:/Users/eboraks/Projects/graph-whisperer/.npm-cache/_logs/2026-02-18T03_56_22_531Z-
10 verbose logfile /Users/eboraks/Projects/graph-whisperer/.npm-cache/_logs/2026-02-18T03_56_22_531Z-debug-0.log
11 silly logfile start cleaning logs, removing 1 files
12 silly packumentCache heap:4496293888 maxSize:1124073472 maxEntrySize:562036736
13 silly logfile done cleaning log files
14 silly idealTree buildDeps
15 silly fetch manifest @modelcontextprotocol/sdk@^1.26.0
16 silly packumentCache full:https://registry.npmjs.org/@modelcontextprotocol%2fsdk cache-miss
17 http cache https://registry.npmjs.org/@modelcontextprotocol%2fsdk 4ms (cache hit)
18 silly packumentCache full:https://registry.npmjs.org/@modelcontextprotocol%2fsdk set size:262352 disposed:false
19 silly fetch manifest @cfworker/json-schema@^4.1.1
20 silly packumentCache full:https://registry.npmjs.org/@cfworker%2fjson-schema cache-miss
21 http cache https://registry.npmjs.org/@cfworker%2fjson-schema 2ms (cache hit)
22 silly packumentCache full:https://registry.npmjs.org/@cfworker%2fjson-schema set size:144207 disposed:false
23 silly fetch manifest @uiw/react-json-view@^2.0.0-alpha.41
24 silly packumentCache full:https://registry.npmjs.org/@uiw%2freact-json-view cache-miss
25 http cache https://registry.npmjs.org/@uiw%2freact-json-view 1ms (cache hit)
26 silly packumentCache full:https://registry.npmjs.org/@uiw%2freact-json-view set size:286077 disposed:false
27 silly fetch manifest @babel/runtime@>=7.10.0
28 silly packumentCache full:https://registry.npmjs.org/@babel%2fruntime cache-miss
29 http cache https://registry.npmjs.org/@babel%2fruntime 4ms (cache hit)
30 silly packumentCache full:https://registry.npmjs.org/@babel%2fruntime set size:3322062 disposed:false
31 silly fetch manifest react@^19.2.4
32 silly packumentCache full:https://registry.npmjs.org/react cache-miss
33 http cache https://registry.npmjs.org/react 6ms (cache hit)
34 silly packumentCache full:https://registry.npmjs.org/react set size:6492230 disposed:false
35 silly fetch manifest react-dom@^19.2.4
36 silly packumentCache full:https://registry.npmjs.org/react-dom cache-miss
37 http cache https://registry.npmjs.org/react-dom 9ms (cache hit)
38 silly packumentCache full:https://registry.npmjs.org/react-dom set size:8597273 disposed:false
39 silly fetch manifest sparql-http-client@^3.0.0
40 silly packumentCache full:https://registry.npmjs.org/sparql-http-client cache-miss
41 http cache https://registry.npmjs.org/sparql-http-client 2ms (cache hit)
42 silly packumentCache full:https://registry.npmjs.org/sparql-http-client set size:68879 disposed:false
43 silly fetch manifest sparqljs@^3.7.1
44 silly packumentCache full:https://registry.npmjs.org/sparqljs cache-miss
45 http cache https://registry.npmjs.org/sparqljs 1ms (cache hit)
46 silly packumentCache full:https://registry.npmjs.org/sparqljs set size:147695 disposed:false
47 silly fetch manifest typescript-eslint@^8.14.0
48 silly packumentCache full:https://registry.npmjs.org/typescript-eslint cache-miss
49 http cache https://registry.npmjs.org/typescript-eslint 4ms (cache hit)
50 silly packumentCache full:https://registry.npmjs.org/typescript-eslint set size:3590645 disposed:false
51 silly fetch manifest eslint@^4.1.1
52 silly packumentCache full:https://registry.npmjs.org/eslint cache-miss
53 http cache https://registry.npmjs.org/eslint 3ms (cache hit)
54 silly packumentCache full:https://registry.npmjs.org/eslint set size:1929113 disposed:false
55 silly fetch manifest eslint@^8.57.0 || ^9.0.0 || ^10.0.0
56 silly packumentCache full:https://registry.npmjs.org/eslint cache-miss
57 http cache https://registry.npmjs.org/eslint 3ms (cache hit)
58 silly packumentCache full:https://registry.npmjs.org/eslint set size:1929113 disposed:false
59 verbose stack Error: unable to resolve dependency tree
59 verbose stack     at #failPeerConflict (/opt/homebrew/lib/node_modules/npm/node_modules/@npmcli/arborist/lib/arborist/build-ideal-tree.js:1388:25)
59 verbose stack     at #loadPeerSet (/opt/homebrew/lib/node_modules/npm/node_modules/@npmcli/arborist/lib/arborist/build-ideal-tree.js:1354:33)
59 verbose stack     at async #buildDepStep (/opt/homebrew/lib/node_modules/npm/node_modules/@npmcli/arborist/lib/arborist/build-ideal-tree.js:917:11)
59 verbose stack     at async Arborist.buildIdealTree (/opt/homebrew/lib/node_modules/npm/node_modules/@npmcli/arborist/lib/arborist/build-ideal-tree.js:182:7)
59 verbose stack     at async Promise.all (index 1)
59 verbose stack     at async Arborist.reify (/opt/homebrew/lib/node_modules/npm/node_modules/@npmcli/arborist/lib/arborist/reify.js:126:5)
59 verbose stack     at async Install.exec (/opt/homebrew/lib/node_modules/npm/lib/commands/install.js:150:5)
59 verbose stack     at async Npm.exec (/opt/homebrew/lib/node_modules/npm/lib/npm.js:208:9)
59 verbose stack     at async module.exports (/opt/homebrew/lib/node_modules/npm/lib/cli/entry.js:67:5)
60 error code ERESOLVE
61 error ERESOLVE unable to resolve dependency tree
62 error
63 error While resolving: graph-whisperer@0.0.1
63 error Found: eslint@4.19.1
63 error node_modules/eslint
63 error   dev eslint@"^4.1.1" from the root project
63 error
63 error Could not resolve dependency:
63 error peer eslint@"^8.57.0 || ^9.0.0 || ^10.0.0" from typescript-eslint@8.56.0
63 error node_modules/typescript-eslint
63 error   typescript-eslint@"^8.14.0" from the root project
63 error
63 error Fix the upstream dependency conflict, or retry
63 error this command with --force or --legacy-peer-deps
63 error to accept an incorrect (and potentially broken) dependency resolution.
64 error
64 error
64 error For a full report see:
64 error /Users/eboraks/Projects/graph-whisperer/.npm-cache/_logs/2026-02-18T03_56_22_531Z-eresolve-report.txt
65 silly unfinished npm timer reify 1771386982724
66 silly unfinished npm timer reify:loadTrees 1771386982725
67 silly unfinished npm timer idealTree:buildDeps 1771386982730
68 silly unfinished npm timer idealTree:#root 1771386982730
69 verbose cwd /Users/eboraks/Projects/graph-whisperer
70 verbose os Darwin 25.2.0
71 verbose node v24.7.0
72 verbose npm  v11.5.1
73 verbose exit 1
74 verbose code 1
75 error A complete log of this run can be found in: /Users/eboraks/Projects/graph-whisperer/.npm-cache/_logs/2026-02-18T03_56_22_531Z-debug-0.log
